<?xml version="1.0" encoding="UTF-8"?>
<!-- Generated by org.testng.reporters.JUnitXMLReporter -->
<testsuite hostname="DESKTOP-I8ANQG5" ignored="0" name="Test1" tests="8" failures="3" timestamp="11 Mar 2018 22:50:36 GMT" time="33.181" errors="0">
  <testcase name="verifyLoginWithInvalidCradentials" time="13.118" classname="pageObjects.project.homepage.TC001_verifyLoginWithInvalidCredentials">
    <failure type="java.lang.AssertionError" message="expected [true] but found [false]">
      <![CDATA[java.lang.AssertionError: expected [true] but found [false]
	at pageObjects.project.homepage.TC001_verifyLoginWithInvalidCredentials.verifyLoginWithInvalidCradentials(TC001_verifyLoginWithInvalidCredentials.java:48)
... Removed 29 stack frames]]>
    </failure>
  </testcase> <!-- verifyLoginWithInvalidCradentials -->
  <testcase name="verifyLoginWithInvalidCradentials" time="0.001" classname="pageObjects.project.homepage.TC001_verifyLoginWithInvalidCredentials">
    <skipped/>
  </testcase> <!-- verifyLoginWithInvalidCradentials -->
  <testcase name="verifyLoginWithInvalidCradentials" time="0.003" classname="pageObjects.project.homepage.TC001_verifyLoginWithInvalidCredentials">
    <skipped/>
  </testcase> <!-- verifyLoginWithInvalidCradentials -->
  <testcase name="verifyLoginWithInvalidCradentials" time="0.002" classname="pageObjects.project.homepage.TC001_verifyLoginWithInvalidCredentials">
    <skipped/>
  </testcase> <!-- verifyLoginWithInvalidCradentials -->
  <testcase name="verifyLoginWithInvalidCradentials" time="5.993" classname="pageObjects.project.homepage.TC001_verifyLoginWithInvalidCredentials">
    <failure type="java.lang.AssertionError" message="expected [true] but found [false]">
      <![CDATA[java.lang.AssertionError: expected [true] but found [false]
	at pageObjects.project.homepage.TC001_verifyLoginWithInvalidCredentials.verifyLoginWithInvalidCradentials(TC001_verifyLoginWithInvalidCredentials.java:48)
... Removed 29 stack frames]]>
    </failure>
  </testcase> <!-- verifyLoginWithInvalidCradentials -->
  <testcase name="verifyLoginWithInvalidCradentials" time="0.001" classname="pageObjects.project.homepage.TC001_verifyLoginWithInvalidCredentials">
    <skipped/>
  </testcase> <!-- verifyLoginWithInvalidCradentials -->
  <testcase name="verifyLoginWithInvalidCradentials" time="0.001" classname="pageObjects.project.homepage.TC001_verifyLoginWithInvalidCredentials">
    <skipped/>
  </testcase> <!-- verifyLoginWithInvalidCradentials -->
  <testcase name="verifyLoginWithInvalidCradentials" time="7.4" classname="pageObjects.project.homepage.TC001_verifyLoginWithInvalidCredentials">
    <failure type="java.lang.AssertionError" message="expected [true] but found [false]">
      <![CDATA[java.lang.AssertionError: expected [true] but found [false]
	at pageObjects.project.homepage.TC001_verifyLoginWithInvalidCredentials.verifyLoginWithInvalidCradentials(TC001_verifyLoginWithInvalidCredentials.java:48)
... Removed 29 stack frames]]>
    </failure>
  </testcase> <!-- verifyLoginWithInvalidCradentials -->
</testsuite> <!-- Test1 -->
