<?xml version="1.0" encoding="UTF-8"?>
<!-- Generated by org.testng.reporters.JUnitXMLReporter -->
<testsuite hostname="DESKTOP-I8ANQG5" ignored="1" name="Test" tests="1" failures="1" timestamp="11 Mar 2018 06:29:31 GMT" time="22.681" errors="0">
  <testcase name="verifyRegistrationSeccessful" time="5.75" classname="pageObjects.project.registration.TC002_verifyRegistrationFailed">
    <failure type="java.lang.AssertionError" message="expected [true] but found [false]">
      <![CDATA[java.lang.AssertionError: expected [true] but found [false]
	at pageObjects.project.registration.TC002_verifyRegistrationFailed.verifyRegistrationSeccessful(TC002_verifyRegistrationFailed.java:45)
... Removed 29 stack frames]]>
    </failure>
  </testcase> <!-- verifyRegistrationSeccessful -->
  <testcase name="verifyLoginWithInvalidCradentials" time="0.0" classname="pageObjects.project.homepage.TC001_verifyLoginWithInvalidCredentials">
    <ignored/>
  </testcase> <!-- verifyLoginWithInvalidCradentials -->
</testsuite> <!-- Test -->
