<html>
<head>
<title>TestNG:  Test</title>
<link href="../testng.css" rel="stylesheet" type="text/css" />
<link href="../my-testng.css" rel="stylesheet" type="text/css" />

<style type="text/css">
.log { display: none;} 
.stack-trace { display: none;} 
</style>
<script type="text/javascript">
<!--
function flip(e) {
  current = e.style.display;
  if (current == 'block') {
    e.style.display = 'none';
    return 0;
  }
  else {
    e.style.display = 'block';
    return 1;
  }
}

function toggleBox(szDivId, elem, msg1, msg2)
{
  var res = -1;  if (document.getElementById) {
    res = flip(document.getElementById(szDivId));
  }
  else if (document.all) {
    // this is the way old msie versions work
    res = flip(document.all[szDivId]);
  }
  if(elem) {
    if(res == 0) elem.innerHTML = msg1; else elem.innerHTML = msg2;
  }

}

function toggleAllBoxes() {
  if (document.getElementsByTagName) {
    d = document.getElementsByTagName('div');
    for (i = 0; i < d.length; i++) {
      if (d[i].className == 'log') {
        flip(d[i]);
      }
    }
  }
}

// -->
</script>

</head>
<body>
<h2 align='center'>Test</h2><table border='1' align="center">
<tr>
<td>Tests passed/Failed/Skipped:</td><td>4/0/5</td>
</tr><tr>
<td>Started on:</td><td>Sun Mar 11 16:43:04 AEDT 2018</td>
</tr>
<tr><td>Total time:</td><td>49 seconds (49940 ms)</td>
</tr><tr>
<td>Included groups:</td><td></td>
</tr><tr>
<td>Excluded groups:</td><td></td>
</tr>
</table><p/>
<small><i>(Hover the method name to see the test class name)</i></small><p/>
<table width='100%' border='1' class='invocation-passed'>
<tr><td colspan='4' align='center'><b>PASSED TESTS</b></td></tr>
<tr><td><b>Test method</b></td>
<td width="30%"><b>Exception</b></td>
<td width="10%"><b>Time (seconds)</b></td>
<td><b>Instance</b></td>
</tr>
<tr>
<td title='pageObjects.project.homepage.TC001_verifyLoginWithInvalidCredentials.verifyLoginWithInvalidCradentials()'><b>verifyLoginWithInvalidCradentials</b><br>Test class: pageObjects.project.homepage.TC001_verifyLoginWithInvalidCredentials<br>Parameters: ada@bab.com, data5575s, y</td>
<td></td>
<td>6</td>
<td>pageObjects.project.homepage.TC001_verifyLoginWithInvalidCredentials@153f5a29</td></tr>
<tr>
<td title='pageObjects.project.homepage.TC001_verifyLoginWithInvalidCredentials.verifyLoginWithInvalidCradentials()'><b>verifyLoginWithInvalidCradentials</b><br>Test class: pageObjects.project.homepage.TC001_verifyLoginWithInvalidCredentials<br>Parameters: ada@bab.com, data5575s, y</td>
<td></td>
<td>6</td>
<td>pageObjects.project.homepage.TC001_verifyLoginWithInvalidCredentials@153f5a29</td></tr>
<tr>
<td title='pageObjects.project.homepage.TC001_verifyLoginWithInvalidCredentials.verifyLoginWithInvalidCradentials()'><b>verifyLoginWithInvalidCradentials</b><br>Test class: pageObjects.project.homepage.TC001_verifyLoginWithInvalidCredentials<br>Parameters: ada@bab.com, data5575s, y</td>
<td></td>
<td>5</td>
<td>pageObjects.project.homepage.TC001_verifyLoginWithInvalidCredentials@153f5a29</td></tr>
<tr>
<td title='pageObjects.project.registration.TC002_verifyRegistrationFailed.verifyRegistrationSeccessful()'><b>verifyRegistrationSeccessful</b><br>Test class: pageObjects.project.registration.TC002_verifyRegistrationFailed<br/>
<a href="#Output-696933920" onClick='toggleBox("Output-696933920", this, "Show output", "Hide output");'>Show output</a>

<a href="#Output-696933920" onClick="toggleAllBoxes();">Show all outputs</a>
<div class='log' id="Output-696933920">
<a href='C:\eclipse-workspace\project\screenShots\registrationPage11_03_2018_04_43_34.png'><img src'C:\eclipse-workspace\project\screenShots\registrationPage11_03_2018_04_43_34.png'height ='100' width='100'/></a><br/>
</div>
</td>
<td></td>
<td>6</td>
<td>pageObjects.project.registration.TC002_verifyRegistrationFailed@26f67b76</td></tr>
</table><p>
<table width='100%' border='1' class='invocation-skipped'>
<tr><td colspan='4' align='center'><b>SKIPPED TESTS</b></td></tr>
<tr><td><b>Test method</b></td>
<td width="30%"><b>Exception</b></td>
<td width="10%"><b>Time (seconds)</b></td>
<td><b>Instance</b></td>
</tr>
<tr>
<td title='pageObjects.project.homepage.TC001_verifyLoginWithInvalidCredentials.verifyLoginWithInvalidCradentials()'><b>verifyLoginWithInvalidCradentials</b><br>Test class: pageObjects.project.homepage.TC001_verifyLoginWithInvalidCredentials<br>Parameters: ada@bab.com, data5575s, n</td>
<td><div><pre>org.testng.SkipException: Test Skipped
	at pageObjects.project.homepage.TC001_verifyLoginWithInvalidCredentials.verifyLoginWithInvalidCradentials(TC001_verifyLoginWithInvalidCredentials.java:36)
... Removed 28 stack frames</pre></div><a href='#' onClick='toggleBox("stack-trace318353283", this, "Click to show all stack frames", "Click to hide stack frames")'>Click to show all stack frames</a>
<div class='stack-trace' id='stack-trace318353283'><pre>org.testng.SkipException: Test Skipped
	at pageObjects.project.homepage.TC001_verifyLoginWithInvalidCredentials.verifyLoginWithInvalidCradentials(TC001_verifyLoginWithInvalidCredentials.java:36)
	at sun.reflect.NativeMethodAccessorImpl.invoke0(Native Method)
	at sun.reflect.NativeMethodAccessorImpl.invoke(NativeMethodAccessorImpl.java:62)
	at sun.reflect.DelegatingMethodAccessorImpl.invoke(DelegatingMethodAccessorImpl.java:43)
	at java.lang.reflect.Method.invoke(Method.java:498)
	at org.testng.internal.MethodInvocationHelper.invokeMethod(MethodInvocationHelper.java:108)
	at org.testng.internal.Invoker.invokeMethod(Invoker.java:661)
	at org.testng.internal.Invoker.invokeTestMethod(Invoker.java:869)
	at org.testng.internal.Invoker.invokeTestMethods(Invoker.java:1193)
	at org.testng.internal.TestMethodWorker.invokeTestMethods(TestMethodWorker.java:126)
	at org.testng.internal.TestMethodWorker.run(TestMethodWorker.java:109)
	at org.testng.TestRunner.privateRun(TestRunner.java:744)
	at org.testng.TestRunner.run(TestRunner.java:602)
	at org.testng.SuiteRunner.runTest(SuiteRunner.java:380)
	at org.testng.SuiteRunner.runSequentially(SuiteRunner.java:375)
	at org.testng.SuiteRunner.privateRun(SuiteRunner.java:340)
	at org.testng.SuiteRunner.run(SuiteRunner.java:289)
	at org.testng.SuiteRunnerWorker.runSuite(SuiteRunnerWorker.java:52)
	at org.testng.SuiteRunnerWorker.run(SuiteRunnerWorker.java:86)
	at org.testng.TestNG.runSuitesSequentially(TestNG.java:1301)
	at org.testng.TestNG.runSuitesLocally(TestNG.java:1226)
	at org.testng.TestNG.runSuites(TestNG.java:1144)
	at org.testng.TestNG.run(TestNG.java:1115)
	at org.apache.maven.surefire.testng.TestNGExecutor.run(TestNGExecutor.java:283)
	at org.apache.maven.surefire.testng.TestNGXmlTestSuite.execute(TestNGXmlTestSuite.java:75)
	at org.apache.maven.surefire.testng.TestNGProvider.invoke(TestNGProvider.java:120)
	at org.apache.maven.surefire.booter.ForkedBooter.invokeProviderInSameClassLoader(ForkedBooter.java:386)
	at org.apache.maven.surefire.booter.ForkedBooter.runSuitesInProcess(ForkedBooter.java:323)
	at org.apache.maven.surefire.booter.ForkedBooter.main(ForkedBooter.java:143)
</pre></div></td>
<td>0</td>
<td>pageObjects.project.homepage.TC001_verifyLoginWithInvalidCredentials@153f5a29</td></tr>
<tr>
<td title='pageObjects.project.homepage.TC001_verifyLoginWithInvalidCredentials.verifyLoginWithInvalidCradentials()'><b>verifyLoginWithInvalidCradentials</b><br>Test class: pageObjects.project.homepage.TC001_verifyLoginWithInvalidCredentials<br>Parameters: ada@bab.com, data5575s, n</td>
<td><div><pre>org.testng.SkipException: Test Skipped
	at pageObjects.project.homepage.TC001_verifyLoginWithInvalidCredentials.verifyLoginWithInvalidCradentials(TC001_verifyLoginWithInvalidCredentials.java:36)
... Removed 28 stack frames</pre></div><a href='#' onClick='toggleBox("stack-trace431570856", this, "Click to show all stack frames", "Click to hide stack frames")'>Click to show all stack frames</a>
<div class='stack-trace' id='stack-trace431570856'><pre>org.testng.SkipException: Test Skipped
	at pageObjects.project.homepage.TC001_verifyLoginWithInvalidCredentials.verifyLoginWithInvalidCradentials(TC001_verifyLoginWithInvalidCredentials.java:36)
	at sun.reflect.NativeMethodAccessorImpl.invoke0(Native Method)
	at sun.reflect.NativeMethodAccessorImpl.invoke(NativeMethodAccessorImpl.java:62)
	at sun.reflect.DelegatingMethodAccessorImpl.invoke(DelegatingMethodAccessorImpl.java:43)
	at java.lang.reflect.Method.invoke(Method.java:498)
	at org.testng.internal.MethodInvocationHelper.invokeMethod(MethodInvocationHelper.java:108)
	at org.testng.internal.Invoker.invokeMethod(Invoker.java:661)
	at org.testng.internal.Invoker.invokeTestMethod(Invoker.java:869)
	at org.testng.internal.Invoker.invokeTestMethods(Invoker.java:1193)
	at org.testng.internal.TestMethodWorker.invokeTestMethods(TestMethodWorker.java:126)
	at org.testng.internal.TestMethodWorker.run(TestMethodWorker.java:109)
	at org.testng.TestRunner.privateRun(TestRunner.java:744)
	at org.testng.TestRunner.run(TestRunner.java:602)
	at org.testng.SuiteRunner.runTest(SuiteRunner.java:380)
	at org.testng.SuiteRunner.runSequentially(SuiteRunner.java:375)
	at org.testng.SuiteRunner.privateRun(SuiteRunner.java:340)
	at org.testng.SuiteRunner.run(SuiteRunner.java:289)
	at org.testng.SuiteRunnerWorker.runSuite(SuiteRunnerWorker.java:52)
	at org.testng.SuiteRunnerWorker.run(SuiteRunnerWorker.java:86)
	at org.testng.TestNG.runSuitesSequentially(TestNG.java:1301)
	at org.testng.TestNG.runSuitesLocally(TestNG.java:1226)
	at org.testng.TestNG.runSuites(TestNG.java:1144)
	at org.testng.TestNG.run(TestNG.java:1115)
	at org.apache.maven.surefire.testng.TestNGExecutor.run(TestNGExecutor.java:283)
	at org.apache.maven.surefire.testng.TestNGXmlTestSuite.execute(TestNGXmlTestSuite.java:75)
	at org.apache.maven.surefire.testng.TestNGProvider.invoke(TestNGProvider.java:120)
	at org.apache.maven.surefire.booter.ForkedBooter.invokeProviderInSameClassLoader(ForkedBooter.java:386)
	at org.apache.maven.surefire.booter.ForkedBooter.runSuitesInProcess(ForkedBooter.java:323)
	at org.apache.maven.surefire.booter.ForkedBooter.main(ForkedBooter.java:143)
</pre></div></td>
<td>0</td>
<td>pageObjects.project.homepage.TC001_verifyLoginWithInvalidCredentials@153f5a29</td></tr>
<tr>
<td title='pageObjects.project.homepage.TC001_verifyLoginWithInvalidCredentials.verifyLoginWithInvalidCradentials()'><b>verifyLoginWithInvalidCradentials</b><br>Test class: pageObjects.project.homepage.TC001_verifyLoginWithInvalidCredentials<br>Parameters: ada@bab.com, data5575s, n</td>
<td><div><pre>org.testng.SkipException: Test Skipped
	at pageObjects.project.homepage.TC001_verifyLoginWithInvalidCredentials.verifyLoginWithInvalidCradentials(TC001_verifyLoginWithInvalidCredentials.java:36)
... Removed 28 stack frames</pre></div><a href='#' onClick='toggleBox("stack-trace2121199924", this, "Click to show all stack frames", "Click to hide stack frames")'>Click to show all stack frames</a>
<div class='stack-trace' id='stack-trace2121199924'><pre>org.testng.SkipException: Test Skipped
	at pageObjects.project.homepage.TC001_verifyLoginWithInvalidCredentials.verifyLoginWithInvalidCradentials(TC001_verifyLoginWithInvalidCredentials.java:36)
	at sun.reflect.NativeMethodAccessorImpl.invoke0(Native Method)
	at sun.reflect.NativeMethodAccessorImpl.invoke(NativeMethodAccessorImpl.java:62)
	at sun.reflect.DelegatingMethodAccessorImpl.invoke(DelegatingMethodAccessorImpl.java:43)
	at java.lang.reflect.Method.invoke(Method.java:498)
	at org.testng.internal.MethodInvocationHelper.invokeMethod(MethodInvocationHelper.java:108)
	at org.testng.internal.Invoker.invokeMethod(Invoker.java:661)
	at org.testng.internal.Invoker.invokeTestMethod(Invoker.java:869)
	at org.testng.internal.Invoker.invokeTestMethods(Invoker.java:1193)
	at org.testng.internal.TestMethodWorker.invokeTestMethods(TestMethodWorker.java:126)
	at org.testng.internal.TestMethodWorker.run(TestMethodWorker.java:109)
	at org.testng.TestRunner.privateRun(TestRunner.java:744)
	at org.testng.TestRunner.run(TestRunner.java:602)
	at org.testng.SuiteRunner.runTest(SuiteRunner.java:380)
	at org.testng.SuiteRunner.runSequentially(SuiteRunner.java:375)
	at org.testng.SuiteRunner.privateRun(SuiteRunner.java:340)
	at org.testng.SuiteRunner.run(SuiteRunner.java:289)
	at org.testng.SuiteRunnerWorker.runSuite(SuiteRunnerWorker.java:52)
	at org.testng.SuiteRunnerWorker.run(SuiteRunnerWorker.java:86)
	at org.testng.TestNG.runSuitesSequentially(TestNG.java:1301)
	at org.testng.TestNG.runSuitesLocally(TestNG.java:1226)
	at org.testng.TestNG.runSuites(TestNG.java:1144)
	at org.testng.TestNG.run(TestNG.java:1115)
	at org.apache.maven.surefire.testng.TestNGExecutor.run(TestNGExecutor.java:283)
	at org.apache.maven.surefire.testng.TestNGXmlTestSuite.execute(TestNGXmlTestSuite.java:75)
	at org.apache.maven.surefire.testng.TestNGProvider.invoke(TestNGProvider.java:120)
	at org.apache.maven.surefire.booter.ForkedBooter.invokeProviderInSameClassLoader(ForkedBooter.java:386)
	at org.apache.maven.surefire.booter.ForkedBooter.runSuitesInProcess(ForkedBooter.java:323)
	at org.apache.maven.surefire.booter.ForkedBooter.main(ForkedBooter.java:143)
</pre></div></td>
<td>0</td>
<td>pageObjects.project.homepage.TC001_verifyLoginWithInvalidCredentials@153f5a29</td></tr>
<tr>
<td title='pageObjects.project.homepage.TC001_verifyLoginWithInvalidCredentials.verifyLoginWithInvalidCradentials()'><b>verifyLoginWithInvalidCradentials</b><br>Test class: pageObjects.project.homepage.TC001_verifyLoginWithInvalidCredentials<br>Parameters: ada@bab.com, data5575s, n</td>
<td><div><pre>org.testng.SkipException: Test Skipped
	at pageObjects.project.homepage.TC001_verifyLoginWithInvalidCredentials.verifyLoginWithInvalidCradentials(TC001_verifyLoginWithInvalidCredentials.java:36)
... Removed 28 stack frames</pre></div><a href='#' onClick='toggleBox("stack-trace1088104996", this, "Click to show all stack frames", "Click to hide stack frames")'>Click to show all stack frames</a>
<div class='stack-trace' id='stack-trace1088104996'><pre>org.testng.SkipException: Test Skipped
	at pageObjects.project.homepage.TC001_verifyLoginWithInvalidCredentials.verifyLoginWithInvalidCradentials(TC001_verifyLoginWithInvalidCredentials.java:36)
	at sun.reflect.NativeMethodAccessorImpl.invoke0(Native Method)
	at sun.reflect.NativeMethodAccessorImpl.invoke(NativeMethodAccessorImpl.java:62)
	at sun.reflect.DelegatingMethodAccessorImpl.invoke(DelegatingMethodAccessorImpl.java:43)
	at java.lang.reflect.Method.invoke(Method.java:498)
	at org.testng.internal.MethodInvocationHelper.invokeMethod(MethodInvocationHelper.java:108)
	at org.testng.internal.Invoker.invokeMethod(Invoker.java:661)
	at org.testng.internal.Invoker.invokeTestMethod(Invoker.java:869)
	at org.testng.internal.Invoker.invokeTestMethods(Invoker.java:1193)
	at org.testng.internal.TestMethodWorker.invokeTestMethods(TestMethodWorker.java:126)
	at org.testng.internal.TestMethodWorker.run(TestMethodWorker.java:109)
	at org.testng.TestRunner.privateRun(TestRunner.java:744)
	at org.testng.TestRunner.run(TestRunner.java:602)
	at org.testng.SuiteRunner.runTest(SuiteRunner.java:380)
	at org.testng.SuiteRunner.runSequentially(SuiteRunner.java:375)
	at org.testng.SuiteRunner.privateRun(SuiteRunner.java:340)
	at org.testng.SuiteRunner.run(SuiteRunner.java:289)
	at org.testng.SuiteRunnerWorker.runSuite(SuiteRunnerWorker.java:52)
	at org.testng.SuiteRunnerWorker.run(SuiteRunnerWorker.java:86)
	at org.testng.TestNG.runSuitesSequentially(TestNG.java:1301)
	at org.testng.TestNG.runSuitesLocally(TestNG.java:1226)
	at org.testng.TestNG.runSuites(TestNG.java:1144)
	at org.testng.TestNG.run(TestNG.java:1115)
	at org.apache.maven.surefire.testng.TestNGExecutor.run(TestNGExecutor.java:283)
	at org.apache.maven.surefire.testng.TestNGXmlTestSuite.execute(TestNGXmlTestSuite.java:75)
	at org.apache.maven.surefire.testng.TestNGProvider.invoke(TestNGProvider.java:120)
	at org.apache.maven.surefire.booter.ForkedBooter.invokeProviderInSameClassLoader(ForkedBooter.java:386)
	at org.apache.maven.surefire.booter.ForkedBooter.runSuitesInProcess(ForkedBooter.java:323)
	at org.apache.maven.surefire.booter.ForkedBooter.main(ForkedBooter.java:143)
</pre></div></td>
<td>0</td>
<td>pageObjects.project.homepage.TC001_verifyLoginWithInvalidCredentials@153f5a29</td></tr>
<tr>
<td title='pageObjects.project.homepage.TC001_verifyLoginWithInvalidCredentials.verifyLoginWithInvalidCradentials()'><b>verifyLoginWithInvalidCradentials</b><br>Test class: pageObjects.project.homepage.TC001_verifyLoginWithInvalidCredentials<br>Parameters: ada@bab.com, data5575s, n</td>
<td><div><pre>org.testng.SkipException: Test Skipped
	at pageObjects.project.homepage.TC001_verifyLoginWithInvalidCredentials.verifyLoginWithInvalidCradentials(TC001_verifyLoginWithInvalidCredentials.java:36)
... Removed 28 stack frames</pre></div><a href='#' onClick='toggleBox("stack-trace282003944", this, "Click to show all stack frames", "Click to hide stack frames")'>Click to show all stack frames</a>
<div class='stack-trace' id='stack-trace282003944'><pre>org.testng.SkipException: Test Skipped
	at pageObjects.project.homepage.TC001_verifyLoginWithInvalidCredentials.verifyLoginWithInvalidCradentials(TC001_verifyLoginWithInvalidCredentials.java:36)
	at sun.reflect.NativeMethodAccessorImpl.invoke0(Native Method)
	at sun.reflect.NativeMethodAccessorImpl.invoke(NativeMethodAccessorImpl.java:62)
	at sun.reflect.DelegatingMethodAccessorImpl.invoke(DelegatingMethodAccessorImpl.java:43)
	at java.lang.reflect.Method.invoke(Method.java:498)
	at org.testng.internal.MethodInvocationHelper.invokeMethod(MethodInvocationHelper.java:108)
	at org.testng.internal.Invoker.invokeMethod(Invoker.java:661)
	at org.testng.internal.Invoker.invokeTestMethod(Invoker.java:869)
	at org.testng.internal.Invoker.invokeTestMethods(Invoker.java:1193)
	at org.testng.internal.TestMethodWorker.invokeTestMethods(TestMethodWorker.java:126)
	at org.testng.internal.TestMethodWorker.run(TestMethodWorker.java:109)
	at org.testng.TestRunner.privateRun(TestRunner.java:744)
	at org.testng.TestRunner.run(TestRunner.java:602)
	at org.testng.SuiteRunner.runTest(SuiteRunner.java:380)
	at org.testng.SuiteRunner.runSequentially(SuiteRunner.java:375)
	at org.testng.SuiteRunner.privateRun(SuiteRunner.java:340)
	at org.testng.SuiteRunner.run(SuiteRunner.java:289)
	at org.testng.SuiteRunnerWorker.runSuite(SuiteRunnerWorker.java:52)
	at org.testng.SuiteRunnerWorker.run(SuiteRunnerWorker.java:86)
	at org.testng.TestNG.runSuitesSequentially(TestNG.java:1301)
	at org.testng.TestNG.runSuitesLocally(TestNG.java:1226)
	at org.testng.TestNG.runSuites(TestNG.java:1144)
	at org.testng.TestNG.run(TestNG.java:1115)
	at org.apache.maven.surefire.testng.TestNGExecutor.run(TestNGExecutor.java:283)
	at org.apache.maven.surefire.testng.TestNGXmlTestSuite.execute(TestNGXmlTestSuite.java:75)
	at org.apache.maven.surefire.testng.TestNGProvider.invoke(TestNGProvider.java:120)
	at org.apache.maven.surefire.booter.ForkedBooter.invokeProviderInSameClassLoader(ForkedBooter.java:386)
	at org.apache.maven.surefire.booter.ForkedBooter.runSuitesInProcess(ForkedBooter.java:323)
	at org.apache.maven.surefire.booter.ForkedBooter.main(ForkedBooter.java:143)
</pre></div></td>
<td>0</td>
<td>pageObjects.project.homepage.TC001_verifyLoginWithInvalidCredentials@153f5a29</td></tr>
</table><p>
</body>
</html>