<!DOCTYPE html PUBLIC "-//W3C//DTD XHTML 1.1//EN" "http://www.w3.org/TR/xhtml11/DTD/xhtml11.dtd">
<html xmlns="http://www.w3.org/1999/xhtml"><head><title>TestNG Report</title><style type="text/css">table {margin-bottom:10px;border-collapse:collapse;empty-cells:show}th,td {border:1px solid #009;padding:.25em .5em}th {vertical-align:bottom}td {vertical-align:top}table a {font-weight:bold}.stripe td {background-color: #E6EBF9}.num {text-align:right}.passedodd td {background-color: #3F3}.passedeven td {background-color: #0A0}.skippedodd td {background-color: #DDD}.skippedeven td {background-color: #CCC}.failedodd td,.attn {background-color: #F33}.failedeven td,.stripe .attn {background-color: #D00}.stacktrace {white-space:pre;font-family:monospace}.totop {font-size:85%;text-align:center;border-bottom:2px solid #000}</style></head><body><table><tr><th>Test</th><th># Passed</th><th># Skipped</th><th># Failed</th><th>Time (ms)</th><th>Included Groups</th><th>Excluded Groups</th></tr><tr><th colspan="7">Suite</th></tr><tr><td><a href="#t0">Test1</a></td><td class="num">0</td><td class="num attn">5</td><td class="num attn">3</td><td class="num">33,181</td><td></td><td></td></tr><tr class="stripe"><td><a href="#t1">Test2</a></td><td class="num">0</td><td class="num">0</td><td class="num attn">1</td><td class="num">17,807</td><td></td><td></td></tr><tr><th>Total</th><th class="num">0</th><th class="num attn">5</th><th class="num attn">4</th><th class="num">50,988</th><th colspan="2"></th></tr></table><table id='summary'><thead><tr><th>Class</th><th>Method</th><th>Start</th><th>Time (ms)</th></tr></thead><tbody><tr><th colspan="4">Suite</th></tr></tbody><tbody id="t0"><tr><th colspan="4">Test1 &#8212; failed</th></tr><tr class="failedeven"><td rowspan="3">pageObjects.project.homepage.TC001_verifyLoginWithInvalidCredentials</td><td><a href="#m0">verifyLoginWithInvalidCradentials</a></td><td rowspan="3">1520808628031</td><td rowspan="3">7400</td></tr><tr class="failedeven"><td><a href="#m1">verifyLoginWithInvalidCradentials</a></td></tr><tr class="failedeven"><td><a href="#m2">verifyLoginWithInvalidCradentials</a></td></tr><tr><th colspan="4">Test1 &#8212; skipped</th></tr><tr class="skippedeven"><td rowspan="5">pageObjects.project.homepage.TC001_verifyLoginWithInvalidCredentials</td><td><a href="#m3">verifyLoginWithInvalidCradentials</a></td><td rowspan="5">1520808628029</td><td rowspan="5">1</td></tr><tr class="skippedeven"><td><a href="#m4">verifyLoginWithInvalidCradentials</a></td></tr><tr class="skippedeven"><td><a href="#m5">verifyLoginWithInvalidCradentials</a></td></tr><tr class="skippedeven"><td><a href="#m6">verifyLoginWithInvalidCradentials</a></td></tr><tr class="skippedeven"><td><a href="#m7">verifyLoginWithInvalidCradentials</a></td></tr></tbody><tbody id="t1"><tr><th colspan="4">Test2 &#8212; failed</th></tr><tr class="failedeven"><td rowspan="1">pageObjects.project.registration.TC002_verifyRegistrationFailed</td><td><a href="#m8">verifyRegistrationSeccessful</a></td><td rowspan="1">1520808648222</td><td rowspan="1">6212</td></tr></tbody></table><h2>Test1</h2><h3 id="m0">pageObjects.project.homepage.TC001_verifyLoginWithInvalidCredentials#verifyLoginWithInvalidCradentials</h3><table class="result"><tr class="param"><th>Parameter #1</th><th>Parameter #2</th><th>Parameter #3</th></tr><tr class="param stripe"><td>ada@bab.com</td><td>data5575s</td><td>y</td></tr><tr><th colspan="3">Messages</th></tr><tr><td colspan="3"><div class="messages"><a href='C:\eclipse-workspace\project\screenShots\verifyLoginWithInvalidCradentials12_03_2018_09_50_35.png'><img src'C:\eclipse-workspace\project\screenShots\verifyLoginWithInvalidCradentials12_03_2018_09_50_35.png'height ='156' width='342'/></a></div></td></tr><tr><th colspan="3">Exception</th></tr><tr><td colspan="3"><div class="stacktrace">java.lang.AssertionError: expected [true] but found [false]
	at pageObjects.project.homepage.TC001_verifyLoginWithInvalidCredentials.verifyLoginWithInvalidCradentials(TC001_verifyLoginWithInvalidCredentials.java:48)
... Removed 29 stack frames</div></td></tr></table><p class="totop"><a href="#summary">back to summary</a></p><h3 id="m1">pageObjects.project.homepage.TC001_verifyLoginWithInvalidCredentials#verifyLoginWithInvalidCradentials</h3><table class="result"><tr class="param"><th>Parameter #1</th><th>Parameter #2</th><th>Parameter #3</th></tr><tr class="param stripe"><td>ada@bab.com</td><td>data5575s</td><td>y</td></tr><tr><th colspan="3">Messages</th></tr><tr><td colspan="3"><div class="messages"><a href='C:\eclipse-workspace\project\screenShots\verifyLoginWithInvalidCradentials12_03_2018_09_50_27.png'><img src'C:\eclipse-workspace\project\screenShots\verifyLoginWithInvalidCradentials12_03_2018_09_50_27.png'height ='156' width='342'/></a></div></td></tr><tr><th colspan="3">Exception</th></tr><tr><td colspan="3"><div class="stacktrace">java.lang.AssertionError: expected [true] but found [false]
	at pageObjects.project.homepage.TC001_verifyLoginWithInvalidCredentials.verifyLoginWithInvalidCradentials(TC001_verifyLoginWithInvalidCredentials.java:48)
... Removed 29 stack frames</div></td></tr></table><p class="totop"><a href="#summary">back to summary</a></p><h3 id="m2">pageObjects.project.homepage.TC001_verifyLoginWithInvalidCredentials#verifyLoginWithInvalidCradentials</h3><table class="result"><tr class="param"><th>Parameter #1</th><th>Parameter #2</th><th>Parameter #3</th></tr><tr class="param stripe"><td>ada@bab.com</td><td>data5575s</td><td>y</td></tr><tr><th colspan="3">Messages</th></tr><tr><td colspan="3"><div class="messages"><a href='C:\eclipse-workspace\project\screenShots\verifyLoginWithInvalidCradentials12_03_2018_09_50_21.png'><img src'C:\eclipse-workspace\project\screenShots\verifyLoginWithInvalidCradentials12_03_2018_09_50_21.png'height ='156' width='342'/></a></div></td></tr><tr><th colspan="3">Exception</th></tr><tr><td colspan="3"><div class="stacktrace">java.lang.AssertionError: expected [true] but found [false]
	at pageObjects.project.homepage.TC001_verifyLoginWithInvalidCredentials.verifyLoginWithInvalidCradentials(TC001_verifyLoginWithInvalidCredentials.java:48)
... Removed 29 stack frames</div></td></tr></table><p class="totop"><a href="#summary">back to summary</a></p><h3 id="m3">pageObjects.project.homepage.TC001_verifyLoginWithInvalidCredentials#verifyLoginWithInvalidCradentials</h3><table class="result"><tr class="param"><th>Parameter #1</th><th>Parameter #2</th><th>Parameter #3</th></tr><tr class="param stripe"><td>ada@bab.com</td><td>data5575s</td><td>n</td></tr><tr><th colspan="3">Exception</th></tr><tr><td colspan="3"><div class="stacktrace">org.testng.SkipException: Test Skipped
	at pageObjects.project.homepage.TC001_verifyLoginWithInvalidCredentials.verifyLoginWithInvalidCradentials(TC001_verifyLoginWithInvalidCredentials.java:35)
... Removed 25 stack frames</div></td></tr></table><p class="totop"><a href="#summary">back to summary</a></p><h3 id="m4">pageObjects.project.homepage.TC001_verifyLoginWithInvalidCredentials#verifyLoginWithInvalidCradentials</h3><table class="result"><tr class="param"><th>Parameter #1</th><th>Parameter #2</th><th>Parameter #3</th></tr><tr class="param stripe"><td>ada@bab.com</td><td>data5575s</td><td>n</td></tr><tr><th colspan="3">Exception</th></tr><tr><td colspan="3"><div class="stacktrace">org.testng.SkipException: Test Skipped
	at pageObjects.project.homepage.TC001_verifyLoginWithInvalidCredentials.verifyLoginWithInvalidCradentials(TC001_verifyLoginWithInvalidCredentials.java:35)
... Removed 25 stack frames</div></td></tr></table><p class="totop"><a href="#summary">back to summary</a></p><h3 id="m5">pageObjects.project.homepage.TC001_verifyLoginWithInvalidCredentials#verifyLoginWithInvalidCradentials</h3><table class="result"><tr class="param"><th>Parameter #1</th><th>Parameter #2</th><th>Parameter #3</th></tr><tr class="param stripe"><td>ada@bab.com</td><td>data5575s</td><td>n</td></tr><tr><th colspan="3">Exception</th></tr><tr><td colspan="3"><div class="stacktrace">org.testng.SkipException: Test Skipped
	at pageObjects.project.homepage.TC001_verifyLoginWithInvalidCredentials.verifyLoginWithInvalidCradentials(TC001_verifyLoginWithInvalidCredentials.java:35)
... Removed 25 stack frames</div></td></tr></table><p class="totop"><a href="#summary">back to summary</a></p><h3 id="m6">pageObjects.project.homepage.TC001_verifyLoginWithInvalidCredentials#verifyLoginWithInvalidCradentials</h3><table class="result"><tr class="param"><th>Parameter #1</th><th>Parameter #2</th><th>Parameter #3</th></tr><tr class="param stripe"><td>ada@bab.com</td><td>data5575s</td><td>n</td></tr><tr><th colspan="3">Exception</th></tr><tr><td colspan="3"><div class="stacktrace">org.testng.SkipException: Test Skipped
	at pageObjects.project.homepage.TC001_verifyLoginWithInvalidCredentials.verifyLoginWithInvalidCradentials(TC001_verifyLoginWithInvalidCredentials.java:35)
... Removed 25 stack frames</div></td></tr></table><p class="totop"><a href="#summary">back to summary</a></p><h3 id="m7">pageObjects.project.homepage.TC001_verifyLoginWithInvalidCredentials#verifyLoginWithInvalidCradentials</h3><table class="result"><tr class="param"><th>Parameter #1</th><th>Parameter #2</th><th>Parameter #3</th></tr><tr class="param stripe"><td>ada@bab.com</td><td>data5575s</td><td>n</td></tr><tr><th colspan="3">Exception</th></tr><tr><td colspan="3"><div class="stacktrace">org.testng.SkipException: Test Skipped
	at pageObjects.project.homepage.TC001_verifyLoginWithInvalidCredentials.verifyLoginWithInvalidCradentials(TC001_verifyLoginWithInvalidCredentials.java:35)
... Removed 25 stack frames</div></td></tr></table><p class="totop"><a href="#summary">back to summary</a></p><h2>Test2</h2><h3 id="m8">pageObjects.project.registration.TC002_verifyRegistrationFailed#verifyRegistrationSeccessful</h3><table class="result"><tr><th>Messages</th></tr><tr><td><div class="messages"><a href='C:\eclipse-workspace\project\screenShots\registrationPage12_03_2018_09_50_54.png'><img src'C:\eclipse-workspace\project\screenShots\registrationPage12_03_2018_09_50_54.png'height ='156' width='342'/></a><br/><a href='C:\eclipse-workspace\project\screenShots\verifyRegistrationSeccessful12_03_2018_09_50_54.png'><img src'C:\eclipse-workspace\project\screenShots\verifyRegistrationSeccessful12_03_2018_09_50_54.png'height ='156' width='342'/></a></div></td></tr><tr><th>Exception</th></tr><tr><td><div class="stacktrace">java.lang.AssertionError: expected [true] but found [false]
	at pageObjects.project.registration.TC002_verifyRegistrationFailed.verifyRegistrationSeccessful(TC002_verifyRegistrationFailed.java:43)
... Removed 29 stack frames</div></td></tr></table><p class="totop"><a href="#summary">back to summary</a></p></body></html>